mode: set
github.com/open-cli-collective/google-readonly/internal/cmd/calendar/calendar.go:8.34,36.2 7 1
github.com/open-cli-collective/google-readonly/internal/cmd/calendar/dates.go:9.51,11.16 2 1
github.com/open-cli-collective/google-readonly/internal/cmd/calendar/dates.go:11.16,13.3 1 1
github.com/open-cli-collective/google-readonly/internal/cmd/calendar/dates.go:14.2,14.15 1 1
github.com/open-cli-collective/google-readonly/internal/cmd/calendar/dates.go:18.38,20.2 1 1
github.com/open-cli-collective/google-readonly/internal/cmd/calendar/dates.go:24.63,27.18 2 1
github.com/open-cli-collective/google-readonly/internal/cmd/calendar/dates.go:27.18,29.3 1 1
github.com/open-cli-collective/google-readonly/internal/cmd/calendar/dates.go:30.2,37.19 5 1
github.com/open-cli-collective/google-readonly/internal/cmd/calendar/dates.go:41.64,45.2 3 1
github.com/open-cli-collective/google-readonly/internal/cmd/calendar/events.go:20.40,47.2 7 1
github.com/open-cli-collective/google-readonly/internal/cmd/calendar/events.go:49.57,51.19 2 0
github.com/open-cli-collective/google-readonly/internal/cmd/calendar/events.go:51.19,53.3 1 0
github.com/open-cli-collective/google-readonly/internal/cmd/calendar/events.go:55.2,56.16 2 0
github.com/open-cli-collective/google-readonly/internal/cmd/calendar/events.go:56.16,58.3 1 0
github.com/open-cli-collective/google-readonly/internal/cmd/calendar/events.go:61.2,63.22 2 0
github.com/open-cli-collective/google-readonly/internal/cmd/calendar/events.go:63.22,65.17 2 0
github.com/open-cli-collective/google-readonly/internal/cmd/calendar/events.go:65.17,67.4 1 0
github.com/open-cli-collective/google-readonly/internal/cmd/calendar/events.go:68.3,68.35 1 0
github.com/open-cli-collective/google-readonly/internal/cmd/calendar/events.go:69.8,72.3 1 0
github.com/open-cli-collective/google-readonly/internal/cmd/calendar/events.go:74.2,74.20 1 0
github.com/open-cli-collective/google-readonly/internal/cmd/calendar/events.go:74.20,76.17 2 0
github.com/open-cli-collective/google-readonly/internal/cmd/calendar/events.go:76.17,78.4 1 0
github.com/open-cli-collective/google-readonly/internal/cmd/calendar/events.go:80.3,80.45 1 0
github.com/open-cli-collective/google-readonly/internal/cmd/calendar/events.go:83.2,84.16 2 0
github.com/open-cli-collective/google-readonly/internal/cmd/calendar/events.go:84.16,86.3 1 0
github.com/open-cli-collective/google-readonly/internal/cmd/calendar/events.go:88.2,88.22 1 0
github.com/open-cli-collective/google-readonly/internal/cmd/calendar/events.go:88.22,91.3 2 0
github.com/open-cli-collective/google-readonly/internal/cmd/calendar/events.go:94.2,95.27 2 0
github.com/open-cli-collective/google-readonly/internal/cmd/calendar/events.go:95.27,97.3 1 0
github.com/open-cli-collective/google-readonly/internal/cmd/calendar/events.go:99.2,99.22 1 0
github.com/open-cli-collective/google-readonly/internal/cmd/calendar/events.go:99.22,101.3 1 0
github.com/open-cli-collective/google-readonly/internal/cmd/calendar/events.go:103.2,104.37 2 0
github.com/open-cli-collective/google-readonly/internal/cmd/calendar/events.go:104.37,106.3 1 0
github.com/open-cli-collective/google-readonly/internal/cmd/calendar/events.go:108.2,108.12 1 0
github.com/open-cli-collective/google-readonly/internal/cmd/calendar/get.go:14.37,34.2 4 1
github.com/open-cli-collective/google-readonly/internal/cmd/calendar/get.go:36.54,40.16 3 0
github.com/open-cli-collective/google-readonly/internal/cmd/calendar/get.go:40.16,42.3 1 0
github.com/open-cli-collective/google-readonly/internal/cmd/calendar/get.go:44.2,45.16 2 0
github.com/open-cli-collective/google-readonly/internal/cmd/calendar/get.go:45.16,47.3 1 0
github.com/open-cli-collective/google-readonly/internal/cmd/calendar/get.go:49.2,51.19 2 0
github.com/open-cli-collective/google-readonly/internal/cmd/calendar/get.go:51.19,53.3 1 0
github.com/open-cli-collective/google-readonly/internal/cmd/calendar/get.go:55.2,56.12 2 0
github.com/open-cli-collective/google-readonly/internal/cmd/calendar/list.go:15.38,33.2 3 1
github.com/open-cli-collective/google-readonly/internal/cmd/calendar/list.go:35.55,37.16 2 0
github.com/open-cli-collective/google-readonly/internal/cmd/calendar/list.go:37.16,39.3 1 0
github.com/open-cli-collective/google-readonly/internal/cmd/calendar/list.go:41.2,42.16 2 0
github.com/open-cli-collective/google-readonly/internal/cmd/calendar/list.go:42.16,44.3 1 0
github.com/open-cli-collective/google-readonly/internal/cmd/calendar/list.go:46.2,46.25 1 0
github.com/open-cli-collective/google-readonly/internal/cmd/calendar/list.go:46.25,49.3 2 0
github.com/open-cli-collective/google-readonly/internal/cmd/calendar/list.go:52.2,53.30 2 0
github.com/open-cli-collective/google-readonly/internal/cmd/calendar/list.go:53.30,55.3 1 0
github.com/open-cli-collective/google-readonly/internal/cmd/calendar/list.go:57.2,57.20 1 0
github.com/open-cli-collective/google-readonly/internal/cmd/calendar/list.go:57.20,59.3 1 0
github.com/open-cli-collective/google-readonly/internal/cmd/calendar/list.go:61.2,62.31 2 0
github.com/open-cli-collective/google-readonly/internal/cmd/calendar/list.go:62.31,64.3 1 0
github.com/open-cli-collective/google-readonly/internal/cmd/calendar/list.go:66.2,66.12 1 0
github.com/open-cli-collective/google-readonly/internal/cmd/calendar/output.go:13.52,15.2 1 0
github.com/open-cli-collective/google-readonly/internal/cmd/calendar/output.go:18.32,22.2 3 1
github.com/open-cli-collective/google-readonly/internal/cmd/calendar/output.go:25.62,30.26 4 1
github.com/open-cli-collective/google-readonly/internal/cmd/calendar/output.go:30.26,32.3 1 1
github.com/open-cli-collective/google-readonly/internal/cmd/calendar/output.go:34.2,34.29 1 1
github.com/open-cli-collective/google-readonly/internal/cmd/calendar/output.go:34.29,36.3 1 1
github.com/open-cli-collective/google-readonly/internal/cmd/calendar/output.go:38.2,38.28 1 1
github.com/open-cli-collective/google-readonly/internal/cmd/calendar/output.go:38.28,39.40 1 1
github.com/open-cli-collective/google-readonly/internal/cmd/calendar/output.go:39.40,41.4 1 1
github.com/open-cli-collective/google-readonly/internal/cmd/calendar/output.go:41.9,43.4 1 1
github.com/open-cli-collective/google-readonly/internal/cmd/calendar/output.go:46.2,46.30 1 1
github.com/open-cli-collective/google-readonly/internal/cmd/calendar/output.go:46.30,48.37 2 1
github.com/open-cli-collective/google-readonly/internal/cmd/calendar/output.go:48.37,50.22 2 1
github.com/open-cli-collective/google-readonly/internal/cmd/calendar/output.go:50.22,52.5 1 1
github.com/open-cli-collective/google-readonly/internal/cmd/calendar/output.go:53.4,53.27 1 1
github.com/open-cli-collective/google-readonly/internal/cmd/calendar/output.go:53.27,55.5 1 1
github.com/open-cli-collective/google-readonly/internal/cmd/calendar/output.go:55.10,57.5 1 1
github.com/open-cli-collective/google-readonly/internal/cmd/calendar/output.go:61.2,61.48 1 1
github.com/open-cli-collective/google-readonly/internal/cmd/calendar/output.go:61.48,65.3 3 1
github.com/open-cli-collective/google-readonly/internal/cmd/calendar/output.go:69.47,74.26 4 1
github.com/open-cli-collective/google-readonly/internal/cmd/calendar/output.go:74.26,76.3 1 1
github.com/open-cli-collective/google-readonly/internal/cmd/calendar/output.go:78.2,78.29 1 1
github.com/open-cli-collective/google-readonly/internal/cmd/calendar/output.go:78.29,80.3 1 1
github.com/open-cli-collective/google-readonly/internal/cmd/calendar/output.go:82.2,82.20 1 1
github.com/open-cli-collective/google-readonly/internal/cmd/calendar/output.go:86.48,88.17 2 1
github.com/open-cli-collective/google-readonly/internal/cmd/calendar/output.go:88.17,90.3 1 1
github.com/open-cli-collective/google-readonly/internal/cmd/calendar/output.go:91.2,93.27 3 1
github.com/open-cli-collective/google-readonly/internal/cmd/calendar/output.go:93.27,95.3 1 1
github.com/open-cli-collective/google-readonly/internal/cmd/calendar/output.go:96.2,97.24 2 1
github.com/open-cli-collective/google-readonly/internal/cmd/calendar/output.go:97.24,99.3 1 1
github.com/open-cli-collective/google-readonly/internal/cmd/calendar/output.go:100.2,100.20 1 1
github.com/open-cli-collective/google-readonly/internal/cmd/calendar/today.go:17.39,37.2 4 1
github.com/open-cli-collective/google-readonly/internal/cmd/calendar/today.go:39.56,41.16 2 0
github.com/open-cli-collective/google-readonly/internal/cmd/calendar/today.go:41.16,43.3 1 0
github.com/open-cli-collective/google-readonly/internal/cmd/calendar/today.go:45.2,52.16 6 0
github.com/open-cli-collective/google-readonly/internal/cmd/calendar/today.go:52.16,54.3 1 0
github.com/open-cli-collective/google-readonly/internal/cmd/calendar/today.go:56.2,56.22 1 0
github.com/open-cli-collective/google-readonly/internal/cmd/calendar/today.go:56.22,59.3 2 0
github.com/open-cli-collective/google-readonly/internal/cmd/calendar/today.go:62.2,63.27 2 0
github.com/open-cli-collective/google-readonly/internal/cmd/calendar/today.go:63.27,65.3 1 0
github.com/open-cli-collective/google-readonly/internal/cmd/calendar/today.go:67.2,67.21 1 0
github.com/open-cli-collective/google-readonly/internal/cmd/calendar/today.go:67.21,69.3 1 0
github.com/open-cli-collective/google-readonly/internal/cmd/calendar/today.go:71.2,72.37 2 0
github.com/open-cli-collective/google-readonly/internal/cmd/calendar/today.go:72.37,74.3 1 0
github.com/open-cli-collective/google-readonly/internal/cmd/calendar/today.go:76.2,76.12 1 0
github.com/open-cli-collective/google-readonly/internal/cmd/calendar/week.go:17.38,37.2 4 1
github.com/open-cli-collective/google-readonly/internal/cmd/calendar/week.go:39.55,41.16 2 0
github.com/open-cli-collective/google-readonly/internal/cmd/calendar/week.go:41.16,43.3 1 0
github.com/open-cli-collective/google-readonly/internal/cmd/calendar/week.go:45.2,52.16 6 0
github.com/open-cli-collective/google-readonly/internal/cmd/calendar/week.go:52.16,54.3 1 0
github.com/open-cli-collective/google-readonly/internal/cmd/calendar/week.go:56.2,56.22 1 0
github.com/open-cli-collective/google-readonly/internal/cmd/calendar/week.go:56.22,59.3 2 0
github.com/open-cli-collective/google-readonly/internal/cmd/calendar/week.go:62.2,63.27 2 0
github.com/open-cli-collective/google-readonly/internal/cmd/calendar/week.go:63.27,65.3 1 0
github.com/open-cli-collective/google-readonly/internal/cmd/calendar/week.go:67.2,67.20 1 0
github.com/open-cli-collective/google-readonly/internal/cmd/calendar/week.go:67.20,69.3 1 0
github.com/open-cli-collective/google-readonly/internal/cmd/calendar/week.go:71.2,74.37 2 0
github.com/open-cli-collective/google-readonly/internal/cmd/calendar/week.go:74.37,76.3 1 0
github.com/open-cli-collective/google-readonly/internal/cmd/calendar/week.go:78.2,78.12 1 0
