mode: set
github.com/open-cli-collective/google-readonly/internal/calendar/client.go:30.54,32.16 2 0
github.com/open-cli-collective/google-readonly/internal/calendar/client.go:32.16,34.3 1 0
github.com/open-cli-collective/google-readonly/internal/calendar/client.go:36.2,38.16 3 0
github.com/open-cli-collective/google-readonly/internal/calendar/client.go:38.16,40.3 1 0
github.com/open-cli-collective/google-readonly/internal/calendar/client.go:43.2,47.16 2 0
github.com/open-cli-collective/google-readonly/internal/calendar/client.go:47.16,49.3 1 0
github.com/open-cli-collective/google-readonly/internal/calendar/client.go:51.2,52.16 2 0
github.com/open-cli-collective/google-readonly/internal/calendar/client.go:52.16,54.3 1 0
github.com/open-cli-collective/google-readonly/internal/calendar/client.go:56.2,57.16 2 0
github.com/open-cli-collective/google-readonly/internal/calendar/client.go:57.16,59.3 1 0
github.com/open-cli-collective/google-readonly/internal/calendar/client.go:61.2,63.8 1 0
github.com/open-cli-collective/google-readonly/internal/calendar/client.go:66.37,68.22 2 1
github.com/open-cli-collective/google-readonly/internal/calendar/client.go:68.22,70.17 2 1
github.com/open-cli-collective/google-readonly/internal/calendar/client.go:70.17,72.4 1 0
github.com/open-cli-collective/google-readonly/internal/calendar/client.go:73.3,73.46 1 1
github.com/open-cli-collective/google-readonly/internal/calendar/client.go:75.2,77.53 2 1
github.com/open-cli-collective/google-readonly/internal/calendar/client.go:77.53,79.3 1 0
github.com/open-cli-collective/google-readonly/internal/calendar/client.go:81.2,81.23 1 1
github.com/open-cli-collective/google-readonly/internal/calendar/client.go:84.86,87.16 2 0
github.com/open-cli-collective/google-readonly/internal/calendar/client.go:87.16,89.3 1 0
github.com/open-cli-collective/google-readonly/internal/calendar/client.go:92.2,93.48 2 0
github.com/open-cli-collective/google-readonly/internal/calendar/client.go:97.73,99.16 2 0
github.com/open-cli-collective/google-readonly/internal/calendar/client.go:99.16,101.3 1 0
github.com/open-cli-collective/google-readonly/internal/calendar/client.go:102.2,102.24 1 0
github.com/open-cli-collective/google-readonly/internal/calendar/client.go:106.118,111.19 2 0
github.com/open-cli-collective/google-readonly/internal/calendar/client.go:111.19,113.3 1 0
github.com/open-cli-collective/google-readonly/internal/calendar/client.go:114.2,114.19 1 0
github.com/open-cli-collective/google-readonly/internal/calendar/client.go:114.19,116.3 1 0
github.com/open-cli-collective/google-readonly/internal/calendar/client.go:117.2,117.20 1 0
github.com/open-cli-collective/google-readonly/internal/calendar/client.go:117.20,119.3 1 0
github.com/open-cli-collective/google-readonly/internal/calendar/client.go:121.2,122.16 2 0
github.com/open-cli-collective/google-readonly/internal/calendar/client.go:122.16,124.3 1 0
github.com/open-cli-collective/google-readonly/internal/calendar/client.go:125.2,125.24 1 0
github.com/open-cli-collective/google-readonly/internal/calendar/client.go:129.80,131.16 2 0
github.com/open-cli-collective/google-readonly/internal/calendar/client.go:131.16,133.3 1 0
github.com/open-cli-collective/google-readonly/internal/calendar/client.go:134.2,134.19 1 0
github.com/open-cli-collective/google-readonly/internal/calendar/events.go:52.43,64.20 2 1
github.com/open-cli-collective/google-readonly/internal/calendar/events.go:64.20,71.3 2 1
github.com/open-cli-collective/google-readonly/internal/calendar/events.go:74.2,74.18 1 1
github.com/open-cli-collective/google-readonly/internal/calendar/events.go:74.18,80.3 1 1
github.com/open-cli-collective/google-readonly/internal/calendar/events.go:83.2,83.24 1 1
github.com/open-cli-collective/google-readonly/internal/calendar/events.go:83.24,89.3 1 1
github.com/open-cli-collective/google-readonly/internal/calendar/events.go:92.2,92.26 1 1
github.com/open-cli-collective/google-readonly/internal/calendar/events.go:92.26,94.33 2 1
github.com/open-cli-collective/google-readonly/internal/calendar/events.go:94.33,102.4 1 1
github.com/open-cli-collective/google-readonly/internal/calendar/events.go:105.2,105.14 1 1
github.com/open-cli-collective/google-readonly/internal/calendar/events.go:109.65,118.2 1 1
github.com/open-cli-collective/google-readonly/internal/calendar/events.go:121.51,122.20 1 1
github.com/open-cli-collective/google-readonly/internal/calendar/events.go:122.20,124.3 1 1
github.com/open-cli-collective/google-readonly/internal/calendar/events.go:125.2,125.28 1 1
github.com/open-cli-collective/google-readonly/internal/calendar/events.go:125.28,127.3 1 1
github.com/open-cli-collective/google-readonly/internal/calendar/events.go:128.2,128.24 1 1
github.com/open-cli-collective/google-readonly/internal/calendar/events.go:128.24,130.3 1 1
github.com/open-cli-collective/google-readonly/internal/calendar/events.go:131.2,131.25 1 0
github.com/open-cli-collective/google-readonly/internal/calendar/events.go:135.49,136.18 1 1
github.com/open-cli-collective/google-readonly/internal/calendar/events.go:136.18,138.3 1 0
github.com/open-cli-collective/google-readonly/internal/calendar/events.go:139.2,139.26 1 1
github.com/open-cli-collective/google-readonly/internal/calendar/events.go:139.26,141.3 1 1
github.com/open-cli-collective/google-readonly/internal/calendar/events.go:142.2,142.22 1 1
github.com/open-cli-collective/google-readonly/internal/calendar/events.go:142.22,144.3 1 1
github.com/open-cli-collective/google-readonly/internal/calendar/events.go:145.2,145.25 1 0
github.com/open-cli-collective/google-readonly/internal/calendar/events.go:149.42,151.16 2 0
github.com/open-cli-collective/google-readonly/internal/calendar/events.go:151.16,153.3 1 0
github.com/open-cli-collective/google-readonly/internal/calendar/events.go:154.2,154.14 1 0
github.com/open-cli-collective/google-readonly/internal/calendar/events.go:154.14,156.3 1 0
github.com/open-cli-collective/google-readonly/internal/calendar/events.go:157.2,157.45 1 0
github.com/open-cli-collective/google-readonly/internal/calendar/events.go:161.42,163.16 2 1
github.com/open-cli-collective/google-readonly/internal/calendar/events.go:163.16,165.3 1 0
github.com/open-cli-collective/google-readonly/internal/calendar/events.go:166.2,167.16 2 1
github.com/open-cli-collective/google-readonly/internal/calendar/events.go:167.16,169.3 1 0
github.com/open-cli-collective/google-readonly/internal/calendar/events.go:171.2,171.14 1 1
github.com/open-cli-collective/google-readonly/internal/calendar/events.go:171.14,172.79 1 1
github.com/open-cli-collective/google-readonly/internal/calendar/events.go:172.79,174.4 1 1
github.com/open-cli-collective/google-readonly/internal/calendar/events.go:175.3,175.110 1 0
github.com/open-cli-collective/google-readonly/internal/calendar/events.go:178.2,178.60 1 1
github.com/open-cli-collective/google-readonly/internal/calendar/events.go:178.60,180.3 1 1
github.com/open-cli-collective/google-readonly/internal/calendar/events.go:181.2,181.98 1 0
