mode: set
github.com/open-cli-collective/google-readonly/internal/cmd/mail/attachments.go:7.45,26.2 4 1
github.com/open-cli-collective/google-readonly/internal/cmd/mail/attachments_download.go:22.53,52.2 6 1
github.com/open-cli-collective/google-readonly/internal/cmd/mail/attachments_download.go:54.70,55.44 1 0
github.com/open-cli-collective/google-readonly/internal/cmd/mail/attachments_download.go:55.44,57.3 1 0
github.com/open-cli-collective/google-readonly/internal/cmd/mail/attachments_download.go:59.2,60.16 2 0
github.com/open-cli-collective/google-readonly/internal/cmd/mail/attachments_download.go:60.16,62.3 1 0
github.com/open-cli-collective/google-readonly/internal/cmd/mail/attachments_download.go:64.2,66.16 3 0
github.com/open-cli-collective/google-readonly/internal/cmd/mail/attachments_download.go:66.16,68.3 1 0
github.com/open-cli-collective/google-readonly/internal/cmd/mail/attachments_download.go:70.2,70.27 1 0
github.com/open-cli-collective/google-readonly/internal/cmd/mail/attachments_download.go:70.27,73.3 2 0
github.com/open-cli-collective/google-readonly/internal/cmd/mail/attachments_download.go:76.2,77.34 2 0
github.com/open-cli-collective/google-readonly/internal/cmd/mail/attachments_download.go:77.34,78.65 1 0
github.com/open-cli-collective/google-readonly/internal/cmd/mail/attachments_download.go:78.65,80.4 1 0
github.com/open-cli-collective/google-readonly/internal/cmd/mail/attachments_download.go:83.2,83.26 1 0
github.com/open-cli-collective/google-readonly/internal/cmd/mail/attachments_download.go:83.26,85.3 1 0
github.com/open-cli-collective/google-readonly/internal/cmd/mail/attachments_download.go:88.2,88.55 1 0
github.com/open-cli-collective/google-readonly/internal/cmd/mail/attachments_download.go:88.55,90.3 1 0
github.com/open-cli-collective/google-readonly/internal/cmd/mail/attachments_download.go:93.2,93.33 1 0
github.com/open-cli-collective/google-readonly/internal/cmd/mail/attachments_download.go:93.33,95.17 2 0
github.com/open-cli-collective/google-readonly/internal/cmd/mail/attachments_download.go:95.17,97.12 2 0
github.com/open-cli-collective/google-readonly/internal/cmd/mail/attachments_download.go:100.3,101.58 2 0
github.com/open-cli-collective/google-readonly/internal/cmd/mail/attachments_download.go:101.58,103.12 2 0
github.com/open-cli-collective/google-readonly/internal/cmd/mail/attachments_download.go:106.3,109.63 2 0
github.com/open-cli-collective/google-readonly/internal/cmd/mail/attachments_download.go:109.63,112.92 2 0
github.com/open-cli-collective/google-readonly/internal/cmd/mail/attachments_download.go:112.92,114.5 1 0
github.com/open-cli-collective/google-readonly/internal/cmd/mail/attachments_download.go:114.10,116.5 1 0
github.com/open-cli-collective/google-readonly/internal/cmd/mail/attachments_download.go:120.2,120.12 1 0
github.com/open-cli-collective/google-readonly/internal/cmd/mail/attachments_download.go:123.104,124.28 1 0
github.com/open-cli-collective/google-readonly/internal/cmd/mail/attachments_download.go:124.28,126.3 1 0
github.com/open-cli-collective/google-readonly/internal/cmd/mail/attachments_download.go:127.2,127.63 1 0
github.com/open-cli-collective/google-readonly/internal/cmd/mail/attachments_download.go:130.53,132.2 1 0
github.com/open-cli-collective/google-readonly/internal/cmd/mail/attachments_download.go:134.48,139.2 2 1
github.com/open-cli-collective/google-readonly/internal/cmd/mail/attachments_list.go:11.49,29.2 3 1
github.com/open-cli-collective/google-readonly/internal/cmd/mail/attachments_list.go:31.66,33.16 2 0
github.com/open-cli-collective/google-readonly/internal/cmd/mail/attachments_list.go:33.16,35.3 1 0
github.com/open-cli-collective/google-readonly/internal/cmd/mail/attachments_list.go:37.2,38.16 2 0
github.com/open-cli-collective/google-readonly/internal/cmd/mail/attachments_list.go:38.16,40.3 1 0
github.com/open-cli-collective/google-readonly/internal/cmd/mail/attachments_list.go:42.2,42.27 1 0
github.com/open-cli-collective/google-readonly/internal/cmd/mail/attachments_list.go:42.27,45.3 2 0
github.com/open-cli-collective/google-readonly/internal/cmd/mail/attachments_list.go:47.2,47.25 1 0
github.com/open-cli-collective/google-readonly/internal/cmd/mail/attachments_list.go:47.25,49.3 1 0
github.com/open-cli-collective/google-readonly/internal/cmd/mail/attachments_list.go:51.2,52.34 2 0
github.com/open-cli-collective/google-readonly/internal/cmd/mail/attachments_list.go:52.34,56.19 4 0
github.com/open-cli-collective/google-readonly/internal/cmd/mail/attachments_list.go:56.19,58.4 1 0
github.com/open-cli-collective/google-readonly/internal/cmd/mail/attachments_list.go:59.3,59.16 1 0
github.com/open-cli-collective/google-readonly/internal/cmd/mail/attachments_list.go:62.2,62.12 1 0
github.com/open-cli-collective/google-readonly/internal/cmd/mail/attachments_list.go:66.37,68.18 2 1
github.com/open-cli-collective/google-readonly/internal/cmd/mail/attachments_list.go:68.18,70.3 1 1
github.com/open-cli-collective/google-readonly/internal/cmd/mail/attachments_list.go:71.2,72.46 2 1
github.com/open-cli-collective/google-readonly/internal/cmd/mail/attachments_list.go:72.46,75.3 2 1
github.com/open-cli-collective/google-readonly/internal/cmd/mail/attachments_list.go:76.2,76.76 1 1
github.com/open-cli-collective/google-readonly/internal/cmd/mail/labels.go:23.40,41.2 3 1
github.com/open-cli-collective/google-readonly/internal/cmd/mail/labels.go:43.57,45.16 2 0
github.com/open-cli-collective/google-readonly/internal/cmd/mail/labels.go:45.16,47.3 1 0
github.com/open-cli-collective/google-readonly/internal/cmd/mail/labels.go:49.2,49.45 1 0
github.com/open-cli-collective/google-readonly/internal/cmd/mail/labels.go:49.45,51.3 1 0
github.com/open-cli-collective/google-readonly/internal/cmd/mail/labels.go:53.2,54.27 2 0
github.com/open-cli-collective/google-readonly/internal/cmd/mail/labels.go:54.27,57.3 2 0
github.com/open-cli-collective/google-readonly/internal/cmd/mail/labels.go:60.2,61.33 2 0
github.com/open-cli-collective/google-readonly/internal/cmd/mail/labels.go:61.33,70.3 2 0
github.com/open-cli-collective/google-readonly/internal/cmd/mail/labels.go:73.2,73.41 1 0
github.com/open-cli-collective/google-readonly/internal/cmd/mail/labels.go:73.41,74.39 1 0
github.com/open-cli-collective/google-readonly/internal/cmd/mail/labels.go:74.39,76.4 1 0
github.com/open-cli-collective/google-readonly/internal/cmd/mail/labels.go:77.3,77.75 1 0
github.com/open-cli-collective/google-readonly/internal/cmd/mail/labels.go:80.2,80.22 1 0
github.com/open-cli-collective/google-readonly/internal/cmd/mail/labels.go:80.22,82.3 1 0
github.com/open-cli-collective/google-readonly/internal/cmd/mail/labels.go:85.2,87.31 3 0
github.com/open-cli-collective/google-readonly/internal/cmd/mail/labels.go:87.31,93.3 1 0
github.com/open-cli-collective/google-readonly/internal/cmd/mail/labels.go:95.2,95.12 1 0
github.com/open-cli-collective/google-readonly/internal/cmd/mail/labels.go:98.46,100.43 1 1
github.com/open-cli-collective/google-readonly/internal/cmd/mail/labels.go:100.43,102.3 1 1
github.com/open-cli-collective/google-readonly/internal/cmd/mail/labels.go:105.2,105.25 1 1
github.com/open-cli-collective/google-readonly/internal/cmd/mail/labels.go:105.25,107.3 1 1
github.com/open-cli-collective/google-readonly/internal/cmd/mail/labels.go:109.2,109.15 1 1
github.com/open-cli-collective/google-readonly/internal/cmd/mail/labels.go:112.38,113.11 1 1
github.com/open-cli-collective/google-readonly/internal/cmd/mail/labels.go:114.14,115.11 1 1
github.com/open-cli-collective/google-readonly/internal/cmd/mail/labels.go:116.18,117.11 1 1
github.com/open-cli-collective/google-readonly/internal/cmd/mail/labels.go:118.16,119.11 1 1
github.com/open-cli-collective/google-readonly/internal/cmd/mail/labels.go:120.10,121.11 1 1
github.com/open-cli-collective/google-readonly/internal/cmd/mail/labels.go:125.44,126.22 1 1
github.com/open-cli-collective/google-readonly/internal/cmd/mail/labels.go:126.22,128.3 1 1
github.com/open-cli-collective/google-readonly/internal/cmd/mail/labels.go:129.2,129.29 1 1
github.com/open-cli-collective/google-readonly/internal/cmd/mail/mail.go:8.34,36.2 7 1
github.com/open-cli-collective/google-readonly/internal/cmd/mail/output.go:14.46,16.2 1 0
github.com/open-cli-collective/google-readonly/internal/cmd/mail/output.go:19.32,23.2 3 0
github.com/open-cli-collective/google-readonly/internal/cmd/mail/output.go:34.71,36.26 2 0
github.com/open-cli-collective/google-readonly/internal/cmd/mail/output.go:36.26,38.3 1 0
github.com/open-cli-collective/google-readonly/internal/cmd/mail/output.go:39.2,40.20 2 0
github.com/open-cli-collective/google-readonly/internal/cmd/mail/output.go:40.20,42.3 1 0
github.com/open-cli-collective/google-readonly/internal/cmd/mail/output.go:43.2,45.25 3 0
github.com/open-cli-collective/google-readonly/internal/cmd/mail/output.go:45.25,47.3 1 0
github.com/open-cli-collective/google-readonly/internal/cmd/mail/output.go:48.2,48.29 1 0
github.com/open-cli-collective/google-readonly/internal/cmd/mail/output.go:48.29,50.3 1 0
github.com/open-cli-collective/google-readonly/internal/cmd/mail/output.go:51.2,51.25 1 0
github.com/open-cli-collective/google-readonly/internal/cmd/mail/output.go:51.25,53.3 1 0
github.com/open-cli-collective/google-readonly/internal/cmd/mail/output.go:54.2,54.22 1 0
github.com/open-cli-collective/google-readonly/internal/cmd/mail/output.go:54.22,57.3 2 0
github.com/open-cli-collective/google-readonly/internal/cmd/mail/read.go:9.38,27.2 3 1
github.com/open-cli-collective/google-readonly/internal/cmd/mail/read.go:29.55,31.16 2 0
github.com/open-cli-collective/google-readonly/internal/cmd/mail/read.go:31.16,33.3 1 0
github.com/open-cli-collective/google-readonly/internal/cmd/mail/read.go:35.2,36.16 2 0
github.com/open-cli-collective/google-readonly/internal/cmd/mail/read.go:36.16,38.3 1 0
github.com/open-cli-collective/google-readonly/internal/cmd/mail/read.go:40.2,40.20 1 0
github.com/open-cli-collective/google-readonly/internal/cmd/mail/read.go:40.20,42.3 1 0
github.com/open-cli-collective/google-readonly/internal/cmd/mail/read.go:44.2,49.12 2 0
github.com/open-cli-collective/google-readonly/internal/cmd/mail/search.go:14.40,35.2 4 1
github.com/open-cli-collective/google-readonly/internal/cmd/mail/search.go:37.57,39.16 2 0
github.com/open-cli-collective/google-readonly/internal/cmd/mail/search.go:39.16,41.3 1 0
github.com/open-cli-collective/google-readonly/internal/cmd/mail/search.go:43.2,44.16 2 0
github.com/open-cli-collective/google-readonly/internal/cmd/mail/search.go:44.16,46.3 1 0
github.com/open-cli-collective/google-readonly/internal/cmd/mail/search.go:48.2,48.24 1 0
github.com/open-cli-collective/google-readonly/internal/cmd/mail/search.go:48.24,51.3 2 0
github.com/open-cli-collective/google-readonly/internal/cmd/mail/search.go:53.2,53.22 1 0
github.com/open-cli-collective/google-readonly/internal/cmd/mail/search.go:53.22,55.3 1 0
github.com/open-cli-collective/google-readonly/internal/cmd/mail/search.go:57.2,57.31 1 0
github.com/open-cli-collective/google-readonly/internal/cmd/mail/search.go:57.31,63.3 2 0
github.com/open-cli-collective/google-readonly/internal/cmd/mail/search.go:65.2,65.17 1 0
github.com/open-cli-collective/google-readonly/internal/cmd/mail/search.go:65.17,67.3 1 0
github.com/open-cli-collective/google-readonly/internal/cmd/mail/search.go:69.2,69.12 1 0
github.com/open-cli-collective/google-readonly/internal/cmd/mail/thread.go:11.40,32.2 3 1
github.com/open-cli-collective/google-readonly/internal/cmd/mail/thread.go:34.57,36.16 2 0
github.com/open-cli-collective/google-readonly/internal/cmd/mail/thread.go:36.16,38.3 1 0
github.com/open-cli-collective/google-readonly/internal/cmd/mail/thread.go:40.2,41.16 2 0
github.com/open-cli-collective/google-readonly/internal/cmd/mail/thread.go:41.16,43.3 1 0
github.com/open-cli-collective/google-readonly/internal/cmd/mail/thread.go:45.2,45.24 1 0
github.com/open-cli-collective/google-readonly/internal/cmd/mail/thread.go:45.24,48.3 2 0
github.com/open-cli-collective/google-readonly/internal/cmd/mail/thread.go:50.2,50.22 1 0
github.com/open-cli-collective/google-readonly/internal/cmd/mail/thread.go:50.22,52.3 1 0
github.com/open-cli-collective/google-readonly/internal/cmd/mail/thread.go:54.2,55.31 2 0
github.com/open-cli-collective/google-readonly/internal/cmd/mail/thread.go:55.31,62.3 3 0
github.com/open-cli-collective/google-readonly/internal/cmd/mail/thread.go:64.2,64.12 1 0
